<?xml version="1.0" encoding="UTF-8"?>
<testng-results ignored="0" total="2" passed="2" failed="0" skipped="0">
  <reporter-output>
  </reporter-output>
  <suite started-at="2022-11-16T09:46:40 IST" name="Suite" finished-at="2022-11-16T09:46:40 IST" duration-ms="68">
    <groups>
    </groups>
    <test started-at="2022-11-16T09:46:40 IST" name="Test" finished-at="2022-11-16T09:46:40 IST" duration-ms="68">
      <class name="TestNGConcepts.ArthematicOperations">
        <test-method signature="addition(int,int)[pri:0, instance:TestNGConcepts.ArthematicOperations@4facf68f]" started-at="2022-11-16T09:46:40 IST" name="addition" finished-at="2022-11-16T09:46:40 IST" duration-ms="22" status="PASS">
          <params>
            <param index="0">
              <value>
                <![CDATA[2]]>
              </value>
            </param>
            <param index="1">
              <value>
                <![CDATA[4]]>
              </value>
            </param>
          </params>
          <reporter-output>
          </reporter-output>
        </test-method> <!-- addition -->
        <test-method signature="multiplication(int,int)[pri:0, instance:TestNGConcepts.ArthematicOperations@4facf68f]" started-at="2022-11-16T09:46:40 IST" name="multiplication" finished-at="2022-11-16T09:46:40 IST" duration-ms="2" status="PASS">
          <params>
            <param index="0">
              <value>
                <![CDATA[2]]>
              </value>
            </param>
            <param index="1">
              <value>
                <![CDATA[4]]>
              </value>
            </param>
          </params>
          <reporter-output>
          </reporter-output>
        </test-method> <!-- multiplication -->
      </class> <!-- TestNGConcepts.ArthematicOperations -->
    </test> <!-- Test -->
  </suite> <!-- Suite -->
</testng-results>
